Arguments: 
  /Users/zhaoshan/.nvm/versions/node/v14.15.1/bin/node /usr/local/bin/yarn add umi

PATH: 
  /Users/zhaoshan/.nvm/versions/node/v14.15.1/bin:/usr/local/bin:/usr/bin:/bin:/usr/sbin:/sbin

Yarn version: 
  1.6.0

Node version: 
  14.15.1

Platform: 
  darwin x64

Trace: 
  Error: ENOENT: no such file or directory, copyfile '/Users/zhaoshan/Library/Caches/Yarn/v1/npm-lru-cache-4.1.5-8bbe50ea85bed59bc9e33dcab8235ee9bcf443cd/LICENSE' -> '/Users/zhaoshan/Desktop/myProject/drBang/node_modules/yorkie/node_modules/lru-cache/LICENSE'

npm manifest: 
  {
    "private": true,
    "scripts": {
      "start": "umi dev",
      "build": "umi build",
      "postinstall": "umi generate tmp",
      "prettier": "prettier --write '**/*.{js,jsx,tsx,ts,less,md,json}'",
      "test": "umi-test",
      "test:coverage": "umi-test --coverage"
    },
    "gitHooks": {
      "pre-commit": "lint-staged"
    },
    "lint-staged": {
      "*.{js,jsx,less,md,json}": [
        "prettier --write"
      ],
      "*.ts?(x)": [
        "prettier --parser=typescript --write"
      ]
    },
    "dependencies": {
      "@ant-design/pro-layout": "^6.5.0",
      "@umijs/preset-react": "1.x",
      "umi": "^3.3.7"
    },
    "devDependencies": {
      "@types/react": "^16.9.0",
      "@types/react-dom": "^16.9.0",
      "@umijs/test": "^3.3.7",
      "lint-staged": "^10.0.7",
      "prettier": "^2.2.0",
      "react": "17.x",
      "react-dom": "17.x",
      "typescript": "^4.1.2",
      "yorkie": "^2.0.0"
    }
  }

yarn manifest: 
  No manifest

Lockfile: 
  No lockfile
